# JRE version: OpenJDK Runtime Environment (8.0_151-b12) (build 1.8.0_151-8u151-b12-0ubuntu0.16.04.2-b12)
# Java VM: OpenJDK 64-Bit Server VM (25.151-b12 mixed mode linux-amd64 compressed oops)
Heap:
 PSYoungGen      total 25600K, used 9011K [0x00000000f8000000, 0x00000000f9c80000, 0x0000000100000000)
  eden space 22016K, 32% used [0x00000000f8000000,0x00000000f86ef180,0x00000000f9580000)
  from space 3584K, 53% used [0x00000000f9900000,0x00000000f9addc90,0x00000000f9c80000)
  to   space 3584K, 0% used [0x00000000f9580000,0x00000000f9580000,0x00000000f9900000)
 ParOldGen       total 61952K, used 46565K [0x00000000e8000000, 0x00000000ebc80000, 0x00000000f8000000)
  object space 61952K, 75% used [0x00000000e8000000,0x00000000ead79510,0x00000000ebc80000)
 Metaspace       used 79726K, capacity 83472K, committed 83672K, reserved 1124352K
  class space    used 8072K, capacity 9133K, committed 9216K, reserved 1048576K
GC Heap History (10 events):
Event: 27470,575 GC heap before
{Heap before GC invocations=587 (full 161):
 PSYoungGen      total 26112K, used 23895K [0x00000000f8000000, 0x00000000f9d80000, 0x0000000100000000)
  eden space 22016K, 100% used [0x00000000f8000000,0x00000000f9580000,0x00000000f9580000)
  from space 4096K, 45% used [0x00000000f9580000,0x00000000f9755c70,0x00000000f9980000)
  to   space 4096K, 0% used [0x00000000f9980000,0x00000000f9980000,0x00000000f9d80000)
 ParOldGen       total 61952K, used 45753K [0x00000000e8000000, 0x00000000ebc80000, 0x00000000f8000000)
  object space 61952K, 73% used [0x00000000e8000000,0x00000000eacae478,0x00000000ebc80000)
 Metaspace       used 79688K, capacity 83408K, committed 83672K, reserved 1124352K
  class space    used 8072K, capacity 9133K, committed 9216K, reserved 1048576K
Event: 27470,579 GC heap after
Heap after GC invocations=587 (full 161):
 PSYoungGen      total 26112K, used 1018K [0x00000000f8000000, 0x00000000f9d80000, 0x0000000100000000)
  eden space 22016K, 0% used [0x00000000f8000000,0x00000000f8000000,0x00000000f9580000)
  from space 4096K, 24% used [0x00000000f9980000,0x00000000f9a7ea90,0x00000000f9d80000)
  to   space 4096K, 0% used [0x00000000f9580000,0x00000000f9580000,0x00000000f9980000)
 ParOldGen       total 61952K, used 46397K [0x00000000e8000000, 0x00000000ebc80000, 0x00000000f8000000)
  object space 61952K, 74% used [0x00000000e8000000,0x00000000ead4f510,0x00000000ebc80000)
 Metaspace       used 79688K, capacity 83408K, committed 83672K, reserved 1124352K
  class space    used 8072K, capacity 9133K, committed 9216K, reserved 1048576K
}
Event: 27546,783 GC heap before
{Heap before GC invocations=588 (full 161):
 PSYoungGen      total 26112K, used 23034K [0x00000000f8000000, 0x00000000f9d80000, 0x0000000100000000)
  eden space 22016K, 100% used [0x00000000f8000000,0x00000000f9580000,0x00000000f9580000)
  from space 4096K, 24% used [0x00000000f9980000,0x00000000f9a7ea90,0x00000000f9d80000)
  to   space 4096K, 0% used [0x00000000f9580000,0x00000000f9580000,0x00000000f9980000)
 ParOldGen       total 61952K, used 46397K [0x00000000e8000000, 0x00000000ebc80000, 0x00000000f8000000)
  object space 61952K, 74% used [0x00000000e8000000,0x00000000ead4f510,0x00000000ebc80000)
 Metaspace       used 79695K, capacity 83408K, committed 83672K, reserved 1124352K
  class space    used 8072K, capacity 9133K, committed 9216K, reserved 1048576K
Event: 27546,786 GC heap after
Heap after GC invocations=588 (full 161):
 PSYoungGen      total 26112K, used 775K [0x00000000f8000000, 0x00000000f9d80000, 0x0000000100000000)
  eden space 22016K, 0% used [0x00000000f8000000,0x00000000f8000000,0x00000000f9580000)
  from space 4096K, 18% used [0x00000000f9580000,0x00000000f9641c60,0x00000000f9980000)
  to   space 4096K, 0% used [0x00000000f9980000,0x00000000f9980000,0x00000000f9d80000)
 ParOldGen       total 61952K, used 46453K [0x00000000e8000000, 0x00000000ebc80000, 0x00000000f8000000)
  object space 61952K, 74% used [0x00000000e8000000,0x00000000ead5d510,0x00000000ebc80000)
 Metaspace       used 79695K, capacity 83408K, committed 83672K, reserved 1124352K
  class space    used 8072K, capacity 9133K, committed 9216K, reserved 1048576K
}
Event: 27574,454 GC heap before
{Heap before GC invocations=589 (full 161):
 PSYoungGen      total 26112K, used 22785K [0x00000000f8000000, 0x00000000f9d80000, 0x0000000100000000)
  eden space 22016K, 99% used [0x00000000f8000000,0x00000000f957ead0,0x00000000f9580000)
  from space 4096K, 18% used [0x00000000f9580000,0x00000000f9641c60,0x00000000f9980000)
  to   space 4096K, 0% used [0x00000000f9980000,0x00000000f9980000,0x00000000f9d80000)
 ParOldGen       total 61952K, used 46453K [0x00000000e8000000, 0x00000000ebc80000, 0x00000000f8000000)
  object space 61952K, 74% used [0x00000000e8000000,0x00000000ead5d510,0x00000000ebc80000)
 Metaspace       used 79706K, capacity 83472K, committed 83672K, reserved 1124352K
  class space    used 8072K, capacity 9133K, committed 9216K, reserved 1048576K
Event: 27574,459 GC heap after
Heap after GC invocations=589 (full 161):
 PSYoungGen      total 26112K, used 2094K [0x00000000f8000000, 0x00000000f9d80000, 0x0000000100000000)
  eden space 22016K, 0% used [0x00000000f8000000,0x00000000f8000000,0x00000000f9580000)
  from space 4096K, 51% used [0x00000000f9980000,0x00000000f9b8b8c0,0x00000000f9d80000)
  to   space 4096K, 0% used [0x00000000f9580000,0x00000000f9580000,0x00000000f9980000)
 ParOldGen       total 61952K, used 46525K [0x00000000e8000000, 0x00000000ebc80000, 0x00000000f8000000)
  object space 61952K, 75% used [0x00000000e8000000,0x00000000ead6f510,0x00000000ebc80000)
 Metaspace       used 79706K, capacity 83472K, committed 83672K, reserved 1124352K
  class space    used 8072K, capacity 9133K, committed 9216K, reserved 1048576K
}
Event: 27619,288 GC heap before
{Heap before GC invocations=590 (full 161):
 PSYoungGen      total 26112K, used 24110K [0x00000000f8000000, 0x00000000f9d80000, 0x0000000100000000)
  eden space 22016K, 100% used [0x00000000f8000000,0x00000000f9580000,0x00000000f9580000)
  from space 4096K, 51% used [0x00000000f9980000,0x00000000f9b8b8c0,0x00000000f9d80000)
  to   space 4096K, 0% used [0x00000000f9580000,0x00000000f9580000,0x00000000f9980000)
 ParOldGen       total 61952K, used 46525K [0x00000000e8000000, 0x00000000ebc80000, 0x00000000f8000000)
  object space 61952K, 75% used [0x00000000e8000000,0x00000000ead6f510,0x00000000ebc80000)
 Metaspace       used 79715K, capacity 83472K, committed 83672K, reserved 1124352K
  class space    used 8072K, capacity 9133K, committed 9216K, reserved 1048576K
Event: 27619,291 GC heap after
Heap after GC invocations=590 (full 161):
 PSYoungGen      total 23552K, used 1518K [0x00000000f8000000, 0x00000000f9c80000, 0x0000000100000000)
  eden space 22016K, 0% used [0x00000000f8000000,0x00000000f8000000,0x00000000f9580000)
  from space 1536K, 98% used [0x00000000f9580000,0x00000000f96fb8c0,0x00000000f9700000)
  to   space 3584K, 0% used [0x00000000f9900000,0x00000000f9900000,0x00000000f9c80000)
 ParOldGen       total 61952K, used 46557K [0x00000000e8000000, 0x00000000ebc80000, 0x00000000f8000000)
  object space 61952K, 75% used [0x00000000e8000000,0x00000000ead77510,0x00000000ebc80000)
 Metaspace       used 79715K, capacity 83472K, committed 83672K, reserved 1124352K
  class space    used 8072K, capacity 9133K, committed 9216K, reserved 1048576K
}
Event: 27689,145 GC heap before
{Heap before GC invocations=591 (full 161):
 PSYoungGen      total 23552K, used 23534K [0x00000000f8000000, 0x00000000f9c80000, 0x0000000100000000)
  eden space 22016K, 100% used [0x00000000f8000000,0x00000000f9580000,0x00000000f9580000)
  from space 1536K, 98% used [0x00000000f9580000,0x00000000f96fb8c0,0x00000000f9700000)
  to   space 3584K, 0% used [0x00000000f9900000,0x00000000f9900000,0x00000000f9c80000)
 ParOldGen       total 61952K, used 46557K [0x00000000e8000000, 0x00000000ebc80000, 0x00000000f8000000)
  object space 61952K, 75% used [0x00000000e8000000,0x00000000ead77510,0x00000000ebc80000)
 Metaspace       used 79726K, capacity 83472K, committed 83672K, reserved 1124352K
  class space    used 8072K, capacity 9133K, committed 9216K, reserved 1048576K
Event: 27689,150 GC heap after
Heap after GC invocations=591 (full 161):
 PSYoungGen      total 25600K, used 1911K [0x00000000f8000000, 0x00000000f9c80000, 0x0000000100000000)
  eden space 22016K, 0% used [0x00000000f8000000,0x00000000f8000000,0x00000000f9580000)
  from space 3584K, 53% used [0x00000000f9900000,0x00000000f9addc90,0x00000000f9c80000)
  to   space 3584K, 0% used [0x00000000f9580000,0x00000000f9580000,0x00000000f9900000)
 ParOldGen       total 61952K, used 46565K [0x00000000e8000000, 0x00000000ebc80000, 0x00000000f8000000)
  object space 61952K, 75% used [0x00000000e8000000,0x00000000ead79510,0x00000000ebc80000)
 Metaspace       used 79726K, capacity 83472K, committed 83672K, reserved 1124352K
  class space    used 8072K, capacity 9133K, committed 9216K, reserved 1048576K
}

